
2022-05-30 11:27:33.406161 ~ Model v1
RandomForestClassifier: 0.9875
LogisticRegression: 0.875
LinearDiscriminantAnalysis: 0.93125
KNeighborsClassifier: 0.8625
DecisionTreeClassifier: 0.96875
SVC: 0.875
GaussianNB: 0.9625
VotingClassifier: 0.95625

--------------------


2022-05-30 11:27:42.622972 ~ Model v2
RandomForestClassifier: 1.0
LogisticRegression: 0.9375
LinearDiscriminantAnalysis: 1.0
KNeighborsClassifier: 1.0
DecisionTreeClassifier: 1.0
SVC: 1.0
GaussianNB: 1.0
VotingClassifier: 1.0

--------------------


2022-05-30 11:27:45.091074 ~ Model v3
RandomForestClassifier: 0.75
LogisticRegression: 1.0
LinearDiscriminantAnalysis: 0.25
KNeighborsClassifier: 1.0
DecisionTreeClassifier: 0.5
SVC: 1.0
GaussianNB: 1.0
VotingClassifier: 1.0

--------------------


2022-05-30 11:28:03.454143 ~ Model v4
RandomForestClassifier: 1.0
LogisticRegression: 1.0
LinearDiscriminantAnalysis: 1.0
KNeighborsClassifier: 0.5625
DecisionTreeClassifier: 1.0
SVC: 0.5625
GaussianNB: 1.0
VotingClassifier: 1.0
